<?xml version="1.0" encoding="UTF-8" ?>
<testsuite tests="32" failures="0" name="com.mycompany.impal.test.ManusiaTest" time="1.481" errors="0" skipped="27">
  <properties>
    <property name="java.runtime.name" value="Java(TM) SE Runtime Environment"/>
    <property name="sun.boot.library.path" value="C:\Program Files\Java\jdk1.8.0_60\jre\bin"/>
    <property name="java.vm.version" value="25.60-b23"/>
    <property name="java.vm.vendor" value="Oracle Corporation"/>
    <property name="java.vendor.url" value="http://java.oracle.com/"/>
    <property name="path.separator" value=";"/>
    <property name="guice.disable.misplaced.annotation.check" value="true"/>
    <property name="java.vm.name" value="Java HotSpot(TM) 64-Bit Server VM"/>
    <property name="file.encoding.pkg" value="sun.io"/>
    <property name="user.script" value=""/>
    <property name="user.country" value="US"/>
    <property name="sun.java.launcher" value="SUN_STANDARD"/>
    <property name="sun.os.patch.level" value=""/>
    <property name="java.vm.specification.name" value="Java Virtual Machine Specification"/>
    <property name="user.dir" value="D:\Karir\Kuliah\Semester 5\IMPAL 4 ( 3 Kamis KU.01.03.08 ) ( 1 Kamis IFLAB 5)\impal tubes\Impal nao\Impal nao\Impal"/>
    <property name="java.runtime.version" value="1.8.0_60-b27"/>
    <property name="java.awt.graphicsenv" value="sun.awt.Win32GraphicsEnvironment"/>
    <property name="java.endorsed.dirs" value="C:\Program Files\Java\jdk1.8.0_60\jre\lib\endorsed"/>
    <property name="os.arch" value="amd64"/>
    <property name="java.io.tmpdir" value="C:\Users\naofal\AppData\Local\Temp\"/>
    <property name="line.separator" value="
"/>
    <property name="java.vm.specification.vendor" value="Oracle Corporation"/>
    <property name="user.variant" value=""/>
    <property name="os.name" value="Windows 10"/>
    <property name="maven.ext.class.path" value="C:\Program Files\NetBeans 8.2\java\maven-nblib\netbeans-eventspy.jar"/>
    <property name="classworlds.conf" value="C:\Program Files\NetBeans 8.2\java\maven\bin\m2.conf"/>
    <property name="sun.jnu.encoding" value="Cp1252"/>
    <property name="java.library.path" value="C:\Program Files\Java\jdk1.8.0_60\bin;C:\WINDOWS\Sun\Java\bin;C:\WINDOWS\system32;C:\WINDOWS;C:\oraclexe\app\oracle\product\11.2.0\server\bin;;C:\ProgramData\Oracle\Java\javapath;C:\WINDOWS\system32;C:\WINDOWS;C:\WINDOWS\System32\Wbem;C:\WINDOWS\System32\WindowsPowerShell\v1.0\;C:\Program Files (x86)\GtkSharp\2.12\bin;C:\Program Files\Git\cmd;C:\Program Files\Microsoft SQL Server\130\Tools\Binn\;C:\Program Files\dotnet\;F:\Program files\Python\Scripts\;F:\Program files\Python\;C:\Users\naofal\AppData\Local\Microsoft\WindowsApps;C:\oraclexe\app\oracle\product\11.2.0\server\bin;C:\Program Files\Java\jdk1.8.0_60\bin;."/>
    <property name="java.specification.name" value="Java Platform API Specification"/>
    <property name="java.class.version" value="52.0"/>
    <property name="sun.management.compiler" value="HotSpot 64-Bit Tiered Compilers"/>
    <property name="os.version" value="10.0"/>
    <property name="user.home" value="C:\Users\naofal"/>
    <property name="user.timezone" value="Asia/Bangkok"/>
    <property name="java.awt.printerjob" value="sun.awt.windows.WPrinterJob"/>
    <property name="java.specification.version" value="1.8"/>
    <property name="file.encoding" value="UTF-8"/>
    <property name="user.name" value="naofal"/>
    <property name="java.class.path" value="C:\Program Files\NetBeans 8.2\java\maven\boot\plexus-classworlds-2.4.jar"/>
    <property name="java.vm.specification.version" value="1.8"/>
    <property name="sun.arch.data.model" value="64"/>
    <property name="java.home" value="C:\Program Files\Java\jdk1.8.0_60\jre"/>
    <property name="sun.java.command" value="org.codehaus.plexus.classworlds.launcher.Launcher -Dmaven.ext.class.path=C:\Program Files\NetBeans 8.2\java\maven-nblib\netbeans-eventspy.jar -Dfile.encoding=UTF-8 test"/>
    <property name="java.specification.vendor" value="Oracle Corporation"/>
    <property name="user.language" value="en"/>
    <property name="awt.toolkit" value="sun.awt.windows.WToolkit"/>
    <property name="java.vm.info" value="mixed mode"/>
    <property name="java.version" value="1.8.0_60"/>
    <property name="java.ext.dirs" value="C:\Program Files\Java\jdk1.8.0_60\jre\lib\ext;C:\WINDOWS\Sun\Java\lib\ext"/>
    <property name="sun.boot.class.path" value="C:\Program Files\Java\jdk1.8.0_60\jre\lib\resources.jar;C:\Program Files\Java\jdk1.8.0_60\jre\lib\rt.jar;C:\Program Files\Java\jdk1.8.0_60\jre\lib\sunrsasign.jar;C:\Program Files\Java\jdk1.8.0_60\jre\lib\jsse.jar;C:\Program Files\Java\jdk1.8.0_60\jre\lib\jce.jar;C:\Program Files\Java\jdk1.8.0_60\jre\lib\charsets.jar;C:\Program Files\Java\jdk1.8.0_60\jre\lib\jfr.jar;C:\Program Files\Java\jdk1.8.0_60\jre\classes"/>
    <property name="java.vendor" value="Oracle Corporation"/>
    <property name="maven.home" value="C:\Program Files\NetBeans 8.2\java\maven"/>
    <property name="file.separator" value="\"/>
    <property name="java.vendor.url.bug" value="http://bugreport.sun.com/bugreport/"/>
    <property name="sun.cpu.endian" value="little"/>
    <property name="sun.io.unicode.encoding" value="UnicodeLittle"/>
    <property name="sun.desktop" value="windows"/>
    <property name="sun.cpu.isalist" value="amd64"/>
  </properties>
  <testcase classname="Skenario: Memasukan Data User" name="Dengan Data user baru dimasukan dan tidak duplikat dengan data yang sudah ada di sistem" time="0.007">
    <skipped/>
  </testcase>
  <testcase classname="Skenario: Memasukan Data User" name="Ketika Memasukan data user baru" time="0.014">
    <skipped/>
  </testcase>
  <testcase classname="Skenario: Memasukan Data User" name="Dan Data baru user sudah benar" time="0.014">
    <skipped/>
  </testcase>
  <testcase classname="Skenario: Memasukan Data User" name="Maka respon \&quot;register berhasil\&quot;" time="0.014">
    <skipped/>
  </testcase>
  <testcase classname="Skenario: Memasukan Data User" name="Skenario: Memasukan Data User" time="0.014">
    <skipped/>
  </testcase>
  <testcase classname="Skenario: Memasukan Data User" name="Skenario: Memasukan Data User" time="0.014"/>
  <testcase classname="Skenario: Mengedit Data User" name="Dengan Data user yang sudah ada di dalam sistem dan data user tidak sesuai" time="0.007">
    <skipped/>
  </testcase>
  <testcase classname="Skenario: Mengedit Data User" name="Ketika memasukkan data edit user yang baru" time="0.008">
    <skipped/>
  </testcase>
  <testcase classname="Skenario: Mengedit Data User" name="Dan data edit user yang baru sudah benar" time="0.009">
    <skipped/>
  </testcase>
  <testcase classname="Skenario: Mengedit Data User" name="Maka respon \&quot;update berhasil\&quot;" time="0.01">
    <skipped/>
  </testcase>
  <testcase classname="Skenario: Mengedit Data User" name="Skenario: Mengedit Data User" time="0.01">
    <skipped/>
  </testcase>
  <testcase classname="Skenario: Mengedit Data User" name="Skenario: Mengedit Data User" time="0.01"/>
  <testcase classname="Skenario: Mengecek User Pesan Spot" name="Dengan pengecekan data transaksi pemesanan spot parkir dan data user parkir" time="0.004">
    <skipped/>
  </testcase>
  <testcase classname="Ketika data hasil pengecekan sama( benar )(Skenario: Mengecek User Pesan Spot)" name="Ketika data hasil pengecekan sama" time="0.004">
    <skipped/>
  </testcase>
  <testcase classname="Skenario: Mengecek User Pesan Spot" name="Maka user parkir bisa parkir sesuai dengan tempet yang dipesan" time="0.005">
    <skipped/>
  </testcase>
  <testcase classname="Ketika data hasil pengecekan tidak ditemukan( salah )(Skenario: Mengecek User Pesan Spot)" name="Ketika data hasil pengecekan tidak ditemukan" time="0.006">
    <skipped/>
  </testcase>
  <testcase classname="Skenario: Mengecek User Pesan Spot" name="Maka user parkir berdasarkan spot tempat parkir yang di tentukan" time="0.006">
    <skipped/>
  </testcase>
  <testcase classname="Skenario: Mengecek User Pesan Spot" name="Skenario: Mengecek User Pesan Spot" time="0.007">
    <skipped/>
  </testcase>
  <testcase classname="Skenario: Mengecek User Pesan Spot" name="Skenario: Mengecek User Pesan Spot" time="0.007"/>
  <testcase classname="Skenario: Perhitungan waktu user" name="Dengan data parkir user masuk dengan status parkir di sistem dan tidak duplikat" time="0.005">
    <skipped/>
  </testcase>
  <testcase classname="Skenario: Perhitungan waktu user" name="Ketika data sudah masuk ke sistem\u002C maka countup akan di mulai" time="0.006">
    <skipped/>
  </testcase>
  <testcase classname="Skenario: Perhitungan waktu user" name="Ketika countup sudah mulai menghitung" time="0.006">
    <skipped/>
  </testcase>
  <testcase classname="Skenario: Perhitungan waktu user" name="Maka respon \&quot;user mulai parkir\&quot; dan akan mulai dihitung juga untuk biaya parkir user" time="0.007">
    <skipped/>
  </testcase>
  <testcase classname="Skenario: Perhitungan waktu user" name="Skenario: Perhitungan waktu user" time="0.007">
    <skipped/>
  </testcase>
  <testcase classname="Skenario: Perhitungan waktu user" name="Skenario: Perhitungan waktu user" time="0.007"/>
  <testcase classname="Skenario: Perhitungan biaya parkir" name="Dengan data durasi parkir\u002C pada data parkir" time="0.006">
    <skipped/>
  </testcase>
  <testcase classname="Ketika data durasi user lebih dari 1 detik ( biaya parkir awal )(Skenario: Perhitungan biaya parkir)" name="Ketika data durasi user lebih dari 1 detik " time="0.007">
    <skipped/>
  </testcase>
  <testcase classname="Skenario: Perhitungan biaya parkir" name="Maka perhitungan biaya parkir = 2000" time="0.008">
    <skipped/>
  </testcase>
  <testcase classname="Skenario: Perhitungan biaya parkir" name="Ketika data durasi parkir user lebih dari 1 jam" time="0.008">
    <skipped/>
  </testcase>
  <testcase classname="Maka biaya parkir menjadi biaya parkir awal + n( biaya parkir tiap jam ) x 1000(Skenario: Perhitungan biaya parkir)" name="Maka biaya parkir menjadi biaya parkir awal + n" time="0.009">
    <skipped/>
  </testcase>
  <testcase classname="Skenario: Perhitungan biaya parkir" name="Skenario: Perhitungan biaya parkir" time="0.015">
    <skipped/>
  </testcase>
  <testcase classname="Skenario: Perhitungan biaya parkir" name="Skenario: Perhitungan biaya parkir" time="0.015"/>
</testsuite>